TN:
SF:src/adapters/fakes/hash/fake-hash-adapter.ts
FN:4,hash
FN:8,compare
FNF:2
FNH:1
FNDA:2,hash
FNDA:0,compare
DA:1,1
DA:2,1
DA:3,1
DA:4,1
DA:5,2
DA:6,2
DA:7,1
DA:8,1
DA:9,0
DA:10,0
DA:11,1
LF:11
LH:9
BRDA:4,0,0,2
BRF:1
BRH:1
end_of_record
TN:
SF:src/repositories/fakes/fake-users-repository.ts
FN:8,create
FN:21,findByEmail
FNF:2
FNH:2
FNDA:2,create
FNDA:3,findByEmail
DA:1,1
DA:2,1
DA:3,1
DA:4,1
DA:5,1
DA:6,1
DA:7,1
DA:8,1
DA:9,2
DA:10,2
DA:11,2
DA:12,2
DA:13,2
DA:14,2
DA:15,2
DA:16,2
DA:17,2
DA:18,2
DA:19,2
DA:20,1
DA:21,1
DA:22,3
DA:23,3
DA:24,3
DA:25,3
DA:26,1
LF:26
LH:26
BRDA:8,0,0,2
BRDA:21,1,0,3
BRDA:22,2,0,1
BRF:3
BRH:3
end_of_record
TN:
SF:src/use-cases/create-user-use-case.spec.ts
FNF:0
FNH:0
DA:1,1
DA:2,1
DA:3,1
DA:4,1
DA:5,1
DA:6,1
DA:7,1
DA:8,1
DA:9,1
DA:10,1
DA:11,1
DA:12,1
DA:13,1
DA:14,1
DA:15,1
DA:16,1
DA:17,1
DA:18,1
DA:19,1
DA:20,1
DA:21,1
DA:22,1
DA:23,1
DA:24,1
DA:25,1
DA:26,1
DA:27,1
DA:28,1
LF:28
LH:28
BRF:0
BRH:0
end_of_record
TN:
SF:src/use-cases/create-user-use-case.ts
FN:16,execute
FN:11,CreateUserUseCase
FNF:2
FNH:2
FNDA:3,execute
FNDA:2,CreateUserUseCase
DA:1,1
DA:2,1
DA:3,1
DA:4,1
DA:5,1
DA:6,1
DA:7,1
DA:8,1
DA:9,1
DA:10,1
DA:11,1
DA:12,2
DA:13,2
DA:14,2
DA:15,1
DA:16,1
DA:17,3
DA:18,3
DA:19,3
DA:20,1
DA:21,1
DA:22,2
DA:23,2
DA:24,2
DA:25,2
DA:26,2
DA:27,2
DA:28,2
DA:29,2
DA:30,2
DA:31,2
DA:32,2
DA:33,1
LF:33
LH:33
BRDA:16,0,0,3
BRDA:19,1,0,1
BRDA:22,2,0,2
BRDA:11,3,0,2
BRF:4
BRH:4
end_of_record
TN:
SF:src/use-cases/submit-feedback-use-case.ts
FN:17,execute
FN:11,SubmitFeedbackUseCase
FNF:2
FNH:2
FNDA:4,execute
FNDA:1,AuthenticateUserUseCase
DA:1,1
DA:2,1
DA:3,1
DA:4,1
DA:5,1
DA:6,1
DA:7,1
DA:8,1
DA:9,1
DA:10,1
DA:11,1
DA:12,1
DA:13,1
DA:14,1
DA:15,1
DA:16,1
DA:17,1
DA:18,1
DA:19,1
DA:20,1
DA:21,1
DA:22,1
DA:23,1
DA:24,4
DA:25,4
DA:26,4
DA:27,2
DA:28,2
DA:29,2
DA:30,2
DA:31,2
DA:32,4
DA:33,1
DA:34,1
DA:35,1
DA:36,1
DA:37,1
DA:38,1
DA:39,1
DA:40,1
DA:41,1
DA:42,1
DA:43,1
LF:43
LH:43
BRDA:23,0,0,4
BRDA:26,1,0,2
BRDA:32,2,0,1
BRDA:18,3,0,1
BRF:4
BRH:4
end_of_record
TN:
SF:src/use-cases/submit-feedback-use-case.ts
FN:17,execute
FN:11,SubmitFeedbackUseCase
FNF:2
FNH:2
FNDA:5,execute
FNDA:1,SubmitFeedbackUseCase
DA:1,1
DA:2,1
DA:3,1
DA:4,1
DA:5,1
DA:6,1
DA:7,1
DA:8,1
DA:9,1
DA:10,1
DA:11,1
DA:12,1
DA:13,1
DA:14,1
DA:15,1
DA:16,1
DA:17,1
DA:18,5
DA:19,5
DA:20,5
DA:21,5
DA:22,5
DA:23,5
DA:24,5
DA:25,1
DA:26,1
DA:27,4
DA:28,5
DA:29,1
DA:30,1
DA:31,3
DA:32,5
DA:33,1
DA:34,1
DA:35,2
DA:36,2
DA:37,2
DA:38,2
DA:39,2
DA:40,2
DA:41,2
DA:42,2
DA:43,5
DA:44,5
DA:45,5
DA:46,5
DA:47,5
DA:48,2
DA:49,1
LF:49
LH:49
BRDA:17,0,0,5
BRDA:24,1,0,1
BRDA:27,2,0,4
BRDA:28,3,0,1
BRDA:31,4,0,3
BRDA:32,5,0,2
BRDA:32,6,0,1
BRDA:35,7,0,2
BRDA:43,8,0,1
BRDA:43,9,0,1
BRDA:48,10,0,2
BRDA:11,11,0,1
BRF:12
BRH:12
end_of_record
